<?xml version="1.0" encoding="UTF-8"?>
<testng-results skipped="1" failed="0" total="1" passed="0">
  <reporter-output>
  </reporter-output>
  <suite name="Default suite" duration-ms="6000" started-at="2016-07-25T12:39:05Z" finished-at="2016-07-25T12:39:11Z">
    <groups>
    </groups>
    <test name="Default test" duration-ms="6000" started-at="2016-07-25T12:39:05Z" finished-at="2016-07-25T12:39:11Z">
      <class name="com.gtnexus.selenium.core.ExecutableMainTest">
        <test-method status="FAIL" signature="instantiateWebDriver(java.lang.String, java.lang.String, java.lang.String, java.lang.String, java.lang.String, java.lang.String, java.lang.String, java.lang.String, boolean, boolean)[pri:0, instance:com.gtnexus.selenium.core.ExecutableMainTest@2e4b8173]" name="instantiateWebDriver" is-config="true" duration-ms="0" started-at="2016-07-25T18:09:05Z" finished-at="2016-07-25T18:09:05Z">
          <exception class="org.testng.TestNGException">
            <message>
              <![CDATA[
Parameter 'browser' is required by @Configuration on method instantiateWebDriver but has not been marked @Optional or defined
in C:\Users\ckumar\AppData\Local\Temp\testng-eclipse--182487985\testng-customsuite.xml]]>
            </message>
            <full-stacktrace>
              <![CDATA[org.testng.TestNGException: 
Parameter 'browser' is required by @Configuration on method instantiateWebDriver but has not been marked @Optional or defined
in C:\Users\ckumar\AppData\Local\Temp\testng-eclipse--182487985\testng-customsuite.xml
	at org.testng.internal.Parameters.createParameters(Parameters.java:154)
	at org.testng.internal.Parameters.createParameters(Parameters.java:361)
	at org.testng.internal.Parameters.createConfigurationParameters(Parameters.java:84)
	at org.testng.internal.Invoker.invokeConfigurations(Invoker.java:197)
	at org.testng.internal.Invoker.invokeConfigurations(Invoker.java:138)
	at org.testng.internal.TestMethodWorker.invokeBeforeClassMethods(TestMethodWorker.java:170)
	at org.testng.internal.TestMethodWorker.run(TestMethodWorker.java:104)
	at org.testng.TestRunner.privateRun(TestRunner.java:774)
	at org.testng.TestRunner.run(TestRunner.java:624)
	at org.testng.SuiteRunner.runTest(SuiteRunner.java:359)
	at org.testng.SuiteRunner.runSequentially(SuiteRunner.java:354)
	at org.testng.SuiteRunner.privateRun(SuiteRunner.java:312)
	at org.testng.SuiteRunner.run(SuiteRunner.java:261)
	at org.testng.SuiteRunnerWorker.runSuite(SuiteRunnerWorker.java:52)
	at org.testng.SuiteRunnerWorker.run(SuiteRunnerWorker.java:86)
	at org.testng.TestNG.runSuitesSequentially(TestNG.java:1215)
	at org.testng.TestNG.runSuitesLocally(TestNG.java:1140)
	at org.testng.TestNG.run(TestNG.java:1048)
	at org.testng.remote.AbstractRemoteTestNG.run(AbstractRemoteTestNG.java:126)
	at org.testng.remote.RemoteTestNG.initAndRun(RemoteTestNG.java:137)
	at org.testng.remote.RemoteTestNG.main(RemoteTestNG.java:58)
]]>
            </full-stacktrace>
          </exception> <!-- org.testng.TestNGException -->
          <reporter-output>
          </reporter-output>
        </test-method> <!-- instantiateWebDriver -->
        <test-method status="SKIP" signature="mainExecutableTest()[pri:0, instance:com.gtnexus.selenium.core.ExecutableMainTest@2e4b8173]" name="mainExecutableTest" duration-ms="5" started-at="2016-07-25T18:09:05Z" finished-at="2016-07-25T18:09:05Z">
          <reporter-output>
          </reporter-output>
        </test-method> <!-- mainExecutableTest -->
        <test-method status="FAIL" signature="stopWebDriver()[pri:0, instance:com.gtnexus.selenium.core.ExecutableMainTest@2e4b8173]" name="stopWebDriver" is-config="true" duration-ms="0" started-at="2016-07-25T18:09:05Z" finished-at="2016-07-25T18:09:05Z">
          <exception class="java.lang.NullPointerException">
            <full-stacktrace>
              <![CDATA[java.lang.NullPointerException
	at com.gtnexus.selenium.core.driver.StartDriver.stopWebDriver(StartDriver.java:127)
	at sun.reflect.NativeMethodAccessorImpl.invoke0(Native Method)
	at sun.reflect.NativeMethodAccessorImpl.invoke(Unknown Source)
	at sun.reflect.DelegatingMethodAccessorImpl.invoke(Unknown Source)
	at java.lang.reflect.Method.invoke(Unknown Source)
	at org.testng.internal.MethodInvocationHelper.invokeMethod(MethodInvocationHelper.java:85)
	at org.testng.internal.Invoker.invokeConfigurationMethod(Invoker.java:510)
	at org.testng.internal.Invoker.invokeConfigurations(Invoker.java:211)
	at org.testng.internal.Invoker.invokeConfigurations(Invoker.java:138)
	at org.testng.internal.TestMethodWorker.invokeAfterClassMethods(TestMethodWorker.java:220)
	at org.testng.internal.TestMethodWorker.run(TestMethodWorker.java:111)
	at org.testng.TestRunner.privateRun(TestRunner.java:774)
	at org.testng.TestRunner.run(TestRunner.java:624)
	at org.testng.SuiteRunner.runTest(SuiteRunner.java:359)
	at org.testng.SuiteRunner.runSequentially(SuiteRunner.java:354)
	at org.testng.SuiteRunner.privateRun(SuiteRunner.java:312)
	at org.testng.SuiteRunner.run(SuiteRunner.java:261)
	at org.testng.SuiteRunnerWorker.runSuite(SuiteRunnerWorker.java:52)
	at org.testng.SuiteRunnerWorker.run(SuiteRunnerWorker.java:86)
	at org.testng.TestNG.runSuitesSequentially(TestNG.java:1215)
	at org.testng.TestNG.runSuitesLocally(TestNG.java:1140)
	at org.testng.TestNG.run(TestNG.java:1048)
	at org.testng.remote.AbstractRemoteTestNG.run(AbstractRemoteTestNG.java:126)
	at org.testng.remote.RemoteTestNG.initAndRun(RemoteTestNG.java:137)
	at org.testng.remote.RemoteTestNG.main(RemoteTestNG.java:58)
]]>
            </full-stacktrace>
          </exception> <!-- java.lang.NullPointerException -->
          <reporter-output>
          </reporter-output>
        </test-method> <!-- stopWebDriver -->
      </class> <!-- com.gtnexus.selenium.core.ExecutableMainTest -->
    </test> <!-- Default test -->
  </suite> <!-- Default suite -->
</testng-results>
